Feb 08 18:50:16 INFO   building tfidf...
Feb 08 19:01:32 INFO   building tfidf...
Feb 08 19:02:38 INFO   building tfidf...
Feb 08 19:02:38 INFO   max_doc_f:0.777665448324131
Feb 08 19:08:22 INFO   building tfidf...
Feb 08 19:08:22 INFO   max_doc_f	0.777665448324131
Feb 08 19:08:39 INFO   building tfidf...
Feb 08 19:08:39 INFO   max_doc_f	0.777665448324131
Feb 08 19:08:42 INFO   done building tfidf
Feb 08 19:09:53 INFO   building tfidf...
Feb 08 19:09:53 INFO   max_doc_f	1.2608750472828143
Feb 08 19:09:54 INFO   done building tfidf
Feb 08 19:11:21 INFO   building tfidf...
Feb 08 19:11:21 INFO   max_doc_f	1.2608750472828143
Feb 08 19:11:54 INFO   building tfidf...
Feb 08 19:11:54 INFO   max_doc_f	1.2608750472828143
Feb 08 19:11:58 INFO   done building tfidf
Feb 08 19:12:39 INFO   building tfidf...
Feb 08 19:12:39 INFO   max_doc_f	1.2608750472828143
Feb 08 19:12:44 INFO   done building tfidf
Feb 08 19:14:52 INFO   building tfidf...
Feb 08 19:14:57 INFO   done building tfidf
Feb 08 19:16:01 INFO   tokenize and build vectors...
Feb 08 19:16:08 INFO   done!
Feb 08 19:18:42 INFO   tokenize and build vectors...
Feb 08 19:18:48 INFO   done!
Feb 08 19:19:26 INFO   tokenize and build vectors...
Feb 08 19:19:32 INFO   done!
Feb 08 19:24:32 INFO   tokenize and build vectors...
Feb 08 19:24:39 INFO   done!
Feb 08 19:24:55 INFO   tokenize and build vectors...
Feb 08 19:25:03 INFO   done!
Feb 08 19:26:15 INFO   tokenize and build vectors...
Feb 08 19:26:22 INFO   done!
Feb 08 19:32:02 INFO   tokenize and build vectors...
Feb 08 19:32:12 INFO   done!
Feb 08 19:35:36 INFO   tokenize and build vectors...
Feb 08 19:35:44 INFO   done!
Feb 08 19:35:48 INFO   tokenize and build vectors...
Feb 08 19:35:56 INFO   done!
Feb 08 19:40:12 INFO   tokenize and build vectors...
Feb 08 19:40:23 INFO   done!
Feb 08 19:41:40 INFO   tokenize and build vectors...
Feb 08 19:41:46 INFO   done!
Feb 08 19:42:35 INFO   tokenize and build vectors...
Feb 08 19:42:43 INFO   tokenize and build vectors...
Feb 08 19:42:54 INFO   done!
Feb 08 19:43:51 INFO   tokenize and build vectors...
Feb 08 19:44:01 INFO   done!
Feb 08 19:45:52 INFO   tokenize and build vectors...
Feb 08 19:45:58 INFO   done!
Feb 08 19:46:27 INFO   tokenize and build vectors...
Feb 08 19:46:35 INFO   done!
Feb 08 19:47:54 INFO   tokenize and build vectors...
Feb 08 19:48:03 INFO   done!
Feb 08 19:49:01 INFO   tokenize and build vectors...
Feb 08 19:49:08 INFO   done!
Feb 08 21:10:14 INFO   tokenize and build vectors...
Feb 08 21:10:20 INFO   done!
Feb 08 21:10:52 INFO   tokenize and build vectors...
Feb 08 21:10:58 INFO   done!
Feb 08 21:12:26 INFO   tokenize and build vectors...
Feb 08 21:14:45 INFO   tokenize and build vectors...
Feb 08 21:14:51 INFO   done!
Feb 08 21:15:20 INFO   tokenize and build vectors...
Feb 08 21:15:26 INFO   done!
Feb 08 21:15:47 INFO   tokenize and build vectors...
Feb 08 21:15:54 INFO   done!
Feb 08 21:23:40 INFO   tokenize and build vectors...
Feb 08 21:23:49 INFO   done!
Feb 08 21:26:49 INFO   tokenize and build vectors...
Feb 08 21:26:56 INFO   done!
Feb 08 21:27:09 INFO   tokenize and build vectors...
Feb 08 21:27:16 INFO   done!
Feb 08 21:28:06 INFO   tokenize and build vectors...
Feb 08 21:28:12 INFO   done!
Feb 08 21:29:06 INFO   tokenize and build vectors...
Feb 08 21:29:13 INFO   done!
